<?xml version="1.0" encoding="UTF-8"?>
<robot generator="Robot 7.3 (Python 3.11.12 on linux)" generated="2025-06-02T00:11:50.114690" rpa="false" schemaversion="5">
<suite id="s1" name="Robot Test" source="/app/robot_test.robot">
<test id="s1-t1" name="Screenshot Test" line="10">
<kw name="Open Page">
<kw name="Evaluate" owner="BuiltIn">
<msg time="2025-06-02T00:11:50.292954" level="INFO">${options} = &lt;selenium.webdriver.firefox.options.Options object at 0x7cf6b8900390&gt;</msg>
<var>${options}</var>
<arg>sys.modules['selenium.webdriver'].FirefoxOptions()</arg>
<arg>sys, selenium.webdriver</arg>
<doc>Evaluates the given expression in Python and returns the result.</doc>
<status status="PASS" start="2025-06-02T00:11:50.292556" elapsed="0.000458"/>
</kw>
<kw name="Create Webdriver" owner="SeleniumLibrary">
<msg time="2025-06-02T00:11:50.293475" level="INFO">Creating an instance of the Remote WebDriver.</msg>
<arg>Remote</arg>
<arg>command_executor=${REMOTE_URL}</arg>
<arg>options=${options}</arg>
<doc>Creates an instance of Selenium WebDriver.</doc>
<status status="PASS" start="2025-06-02T00:11:50.293176" elapsed="2.157041"/>
</kw>
<kw name="Go To" owner="SeleniumLibrary">
<msg time="2025-06-02T00:11:52.450788" level="INFO">Opening url 'https://www.wp.pl'</msg>
<arg>${Url}</arg>
<doc>Navigates the current browser window to the provided ``url``.</doc>
<status status="PASS" start="2025-06-02T00:11:52.450508" elapsed="1.204032"/>
</kw>
<status status="PASS" start="2025-06-02T00:11:50.291617" elapsed="3.363080"/>
</kw>
<kw name="Capture Page Screenshot" owner="SeleniumLibrary">
<msg time="2025-06-02T00:11:54.092581" level="INFO" html="true">&lt;/td&gt;&lt;/tr&gt;&lt;tr&gt;&lt;td colspan="3"&gt;&lt;a href="screenshot.png"&gt;&lt;img src="screenshot.png" width="800px"&gt;&lt;/a&gt;</msg>
<arg>screenshot.png</arg>
<doc>Takes a screenshot of the current page and embeds it into a log file.</doc>
<status status="PASS" start="2025-06-02T00:11:53.655006" elapsed="0.437709"/>
</kw>
<kw name="Close Browser" owner="SeleniumLibrary" type="TEARDOWN">
<doc>Closes the current browser.</doc>
<status status="PASS" start="2025-06-02T00:11:54.093127" elapsed="1.127245"/>
</kw>
<status status="PASS" start="2025-06-02T00:11:50.290760" elapsed="4.929884"/>
</test>
<status status="PASS" start="2025-06-02T00:11:50.115965" elapsed="5.105553"/>
</suite>
<statistics>
<total>
<stat pass="1" fail="0" skip="0">All Tests</stat>
</total>
<tag>
</tag>
<suite>
<stat name="Robot Test" id="s1" pass="1" fail="0" skip="0">Robot Test</stat>
</suite>
</statistics>
<errors>
</errors>
</robot>
